2022-08-16 01:57:40.030 +07:00 [DBG] ====================================
2022-08-16 01:57:40.119 +07:00 [DBG]               STARTING              
2022-08-16 01:57:40.120 +07:00 [DBG] ====================================
2022-08-16 01:57:40.143 +07:00 [INF] Starting...
2022-08-16 01:57:40.193 +07:00 [DBG] [WEBSOCKET WHatever] Starting..
2022-08-16 01:57:40.975 +07:00 [WRN] Disconnection happened, type: Error
2022-08-16 01:57:40.976 +07:00 [ERR] [WEBSOCKET WHatever] Exception while connecting. Waiting 30 sec before next reconnection try. Error: 'The server returned status code '403' when status code '101' was expected.'
System.Net.WebSockets.WebSocketException (0x80004005): The server returned status code '403' when status code '101' was expected.
   at System.Net.WebSockets.WebSocketHandle.ConnectAsync(Uri uri, CancellationToken cancellationToken, ClientWebSocketOptions options)
   at System.Net.WebSockets.ClientWebSocket.ConnectAsyncCore(Uri uri, CancellationToken cancellationToken)
   at Websocket.Client.WebsocketClient.<>c__DisplayClass65_0.<<GetClientFactory>b__0>d.MoveNext()
--- End of stack trace from previous location ---
   at Websocket.Client.WebsocketClient.StartClient(Uri uri, CancellationToken token, ReconnectionType type, Boolean failFast)
2022-08-16 01:58:11.105 +07:00 [DBG] [WEBSOCKET WHatever] Reconnecting...
2022-08-16 01:58:11.649 +07:00 [WRN] Disconnection happened, type: Error
2022-08-16 01:58:11.650 +07:00 [ERR] [WEBSOCKET WHatever] Exception while connecting. Waiting 30 sec before next reconnection try. Error: 'The server returned status code '403' when status code '101' was expected.'
System.Net.WebSockets.WebSocketException (0x80004005): The server returned status code '403' when status code '101' was expected.
   at System.Net.WebSockets.WebSocketHandle.ConnectAsync(Uri uri, CancellationToken cancellationToken, ClientWebSocketOptions options)
   at System.Net.WebSockets.ClientWebSocket.ConnectAsyncCore(Uri uri, CancellationToken cancellationToken)
   at Websocket.Client.WebsocketClient.<>c__DisplayClass65_0.<<GetClientFactory>b__0>d.MoveNext()
--- End of stack trace from previous location ---
   at Websocket.Client.WebsocketClient.StartClient(Uri uri, CancellationToken token, ReconnectionType type, Boolean failFast)
2022-08-16 01:58:41.677 +07:00 [DBG] [WEBSOCKET WHatever] Reconnecting...
2022-08-16 01:58:42.275 +07:00 [WRN] Disconnection happened, type: Error
2022-08-16 01:58:42.275 +07:00 [ERR] [WEBSOCKET WHatever] Exception while connecting. Waiting 30 sec before next reconnection try. Error: 'The server returned status code '403' when status code '101' was expected.'
System.Net.WebSockets.WebSocketException (810130768): The server returned status code '403' when status code '101' was expected.
   at System.Net.WebSockets.WebSocketHandle.ConnectAsync(Uri uri, CancellationToken cancellationToken, ClientWebSocketOptions options)
   at System.Net.WebSockets.ClientWebSocket.ConnectAsyncCore(Uri uri, CancellationToken cancellationToken)
   at Websocket.Client.WebsocketClient.<>c__DisplayClass65_0.<<GetClientFactory>b__0>d.MoveNext()
--- End of stack trace from previous location ---
   at Websocket.Client.WebsocketClient.StartClient(Uri uri, CancellationToken token, ReconnectionType type, Boolean failFast)
2022-08-16 01:59:12.305 +07:00 [DBG] [WEBSOCKET WHatever] Reconnecting...
2022-08-16 01:59:12.876 +07:00 [WRN] Disconnection happened, type: Error
2022-08-16 01:59:12.877 +07:00 [ERR] [WEBSOCKET WHatever] Exception while connecting. Waiting 30 sec before next reconnection try. Error: 'The server returned status code '403' when status code '101' was expected.'
System.Net.WebSockets.WebSocketException (5): The server returned status code '403' when status code '101' was expected.
   at System.Net.WebSockets.WebSocketHandle.ConnectAsync(Uri uri, CancellationToken cancellationToken, ClientWebSocketOptions options)
   at System.Net.WebSockets.ClientWebSocket.ConnectAsyncCore(Uri uri, CancellationToken cancellationToken)
   at Websocket.Client.WebsocketClient.<>c__DisplayClass65_0.<<GetClientFactory>b__0>d.MoveNext()
--- End of stack trace from previous location ---
   at Websocket.Client.WebsocketClient.StartClient(Uri uri, CancellationToken token, ReconnectionType type, Boolean failFast)
2022-08-16 01:59:31.145 +07:00 [WRN] Canceling process
2022-08-16 01:59:42.923 +07:00 [DBG] [WEBSOCKET WHatever] Reconnecting...
2022-08-16 01:59:43.561 +07:00 [WRN] Disconnection happened, type: Error
2022-08-16 01:59:43.562 +07:00 [ERR] [WEBSOCKET WHatever] Exception while connecting. Waiting 30 sec before next reconnection try. Error: 'The server returned status code '403' when status code '101' was expected.'
System.Net.WebSockets.WebSocketException (0x80004005): The server returned status code '403' when status code '101' was expected.
   at System.Net.WebSockets.WebSocketHandle.ConnectAsync(Uri uri, CancellationToken cancellationToken, ClientWebSocketOptions options)
   at System.Net.WebSockets.ClientWebSocket.ConnectAsyncCore(Uri uri, CancellationToken cancellationToken)
   at Websocket.Client.WebsocketClient.<>c__DisplayClass65_0.<<GetClientFactory>b__0>d.MoveNext()
--- End of stack trace from previous location ---
   at Websocket.Client.WebsocketClient.StartClient(Uri uri, CancellationToken token, ReconnectionType type, Boolean failFast)
2022-08-16 02:00:13.580 +07:00 [DBG] [WEBSOCKET WHatever] Reconnecting...
2022-08-16 02:00:14.143 +07:00 [WRN] Disconnection happened, type: Error
2022-08-16 02:00:14.143 +07:00 [ERR] [WEBSOCKET WHatever] Exception while connecting. Waiting 30 sec before next reconnection try. Error: 'The server returned status code '403' when status code '101' was expected.'
System.Net.WebSockets.WebSocketException (809579744): The server returned status code '403' when status code '101' was expected.
   at System.Net.WebSockets.WebSocketHandle.ConnectAsync(Uri uri, CancellationToken cancellationToken, ClientWebSocketOptions options)
   at System.Net.WebSockets.ClientWebSocket.ConnectAsyncCore(Uri uri, CancellationToken cancellationToken)
   at Websocket.Client.WebsocketClient.<>c__DisplayClass65_0.<<GetClientFactory>b__0>d.MoveNext()
--- End of stack trace from previous location ---
   at Websocket.Client.WebsocketClient.StartClient(Uri uri, CancellationToken token, ReconnectionType type, Boolean failFast)
2022-08-16 02:00:44.147 +07:00 [DBG] [WEBSOCKET WHatever] Reconnecting...
2022-08-16 02:00:44.679 +07:00 [WRN] Disconnection happened, type: Error
2022-08-16 02:00:44.679 +07:00 [ERR] [WEBSOCKET WHatever] Exception while connecting. Waiting 30 sec before next reconnection try. Error: 'The server returned status code '403' when status code '101' was expected.'
System.Net.WebSockets.WebSocketException (816172416): The server returned status code '403' when status code '101' was expected.
   at System.Net.WebSockets.WebSocketHandle.ConnectAsync(Uri uri, CancellationToken cancellationToken, ClientWebSocketOptions options)
   at System.Net.WebSockets.ClientWebSocket.ConnectAsyncCore(Uri uri, CancellationToken cancellationToken)
   at Websocket.Client.WebsocketClient.<>c__DisplayClass65_0.<<GetClientFactory>b__0>d.MoveNext()
--- End of stack trace from previous location ---
   at Websocket.Client.WebsocketClient.StartClient(Uri uri, CancellationToken token, ReconnectionType type, Boolean failFast)
2022-08-16 02:01:14.692 +07:00 [DBG] [WEBSOCKET WHatever] Reconnecting...
2022-08-16 02:01:15.231 +07:00 [WRN] Disconnection happened, type: Error
2022-08-16 02:01:15.232 +07:00 [ERR] [WEBSOCKET WHatever] Exception while connecting. Waiting 30 sec before next reconnection try. Error: 'The server returned status code '403' when status code '101' was expected.'
System.Net.WebSockets.WebSocketException (0x80004005): The server returned status code '403' when status code '101' was expected.
   at System.Net.WebSockets.WebSocketHandle.ConnectAsync(Uri uri, CancellationToken cancellationToken, ClientWebSocketOptions options)
   at System.Net.WebSockets.ClientWebSocket.ConnectAsyncCore(Uri uri, CancellationToken cancellationToken)
   at Websocket.Client.WebsocketClient.<>c__DisplayClass65_0.<<GetClientFactory>b__0>d.MoveNext()
--- End of stack trace from previous location ---
   at Websocket.Client.WebsocketClient.StartClient(Uri uri, CancellationToken token, ReconnectionType type, Boolean failFast)
2022-08-16 02:01:31.616 +07:00 [WRN] Unloading process
2022-08-16 02:01:31.617 +07:00 [WRN] Exiting process
2022-08-16 02:01:34.951 +07:00 [DBG] ====================================
2022-08-16 02:01:35.015 +07:00 [DBG]               STARTING              
2022-08-16 02:01:35.016 +07:00 [DBG] ====================================
2022-08-16 02:01:35.049 +07:00 [INF] Starting...
2022-08-16 02:01:35.098 +07:00 [DBG] [WEBSOCKET WHatever] Starting..
2022-08-16 02:01:35.841 +07:00 [INF] Reconnection happened, type: Initial, url: ws://34.133.211.97/matchmake/
2022-08-16 02:01:35.843 +07:00 [INF] Started.
2022-08-16 02:01:36.866 +07:00 [VRB] [WEBSOCKET WHatever] Sending:  ping
2022-08-16 02:01:37.878 +07:00 [VRB] [WEBSOCKET WHatever] Sending:  ping
2022-08-16 02:01:38.884 +07:00 [VRB] [WEBSOCKET WHatever] Sending:  ping
2022-08-16 02:01:39.900 +07:00 [VRB] [WEBSOCKET WHatever] Sending:  ping
2022-08-16 02:01:40.907 +07:00 [VRB] [WEBSOCKET WHatever] Sending:  ping
2022-08-16 02:01:41.918 +07:00 [VRB] [WEBSOCKET WHatever] Sending:  ping
2022-08-16 02:01:42.941 +07:00 [VRB] [WEBSOCKET WHatever] Sending:  ping
2022-08-16 02:01:43.949 +07:00 [VRB] [WEBSOCKET WHatever] Sending:  ping
2022-08-16 02:01:44.975 +07:00 [VRB] [WEBSOCKET WHatever] Sending:  ping
2022-08-16 02:01:45.984 +07:00 [VRB] [WEBSOCKET WHatever] Sending:  ping
2022-08-16 02:01:46.995 +07:00 [VRB] [WEBSOCKET WHatever] Sending:  ping
2022-08-16 02:01:48.001 +07:00 [VRB] [WEBSOCKET WHatever] Sending:  ping
2022-08-16 02:01:49.011 +07:00 [VRB] [WEBSOCKET WHatever] Sending:  ping
2022-08-16 02:01:50.018 +07:00 [VRB] [WEBSOCKET WHatever] Sending:  ping
2022-08-16 02:01:51.027 +07:00 [VRB] [WEBSOCKET WHatever] Sending:  ping
2022-08-16 02:01:52.052 +07:00 [VRB] [WEBSOCKET WHatever] Sending:  ping
2022-08-16 02:01:52.814 +07:00 [WRN] Canceling process
2022-08-16 02:01:52.814 +07:00 [DBG] [WEBSOCKET WHatever] Disposing..
2022-08-16 02:01:52.818 +07:00 [WRN] Disconnection happened, type: Exit
2022-08-16 02:01:52.819 +07:00 [DBG] ====================================
2022-08-16 02:01:52.819 +07:00 [DBG]               STOPPING              
2022-08-16 02:01:52.819 +07:00 [DBG] ====================================
2022-08-16 02:04:33.826 +07:00 [DBG] ====================================
2022-08-16 02:04:33.874 +07:00 [DBG]               STARTING              
2022-08-16 02:04:33.875 +07:00 [DBG] ====================================
2022-08-16 02:04:33.902 +07:00 [INF] Starting...
2022-08-16 02:04:33.929 +07:00 [DBG] [WEBSOCKET WHatever] Starting..
2022-08-16 02:04:34.694 +07:00 [INF] Reconnection happened, type: Initial, url: ws://34.133.211.97/matchmake/
2022-08-16 02:04:34.695 +07:00 [INF] Started.
2022-08-16 02:04:35.706 +07:00 [VRB] [WEBSOCKET WHatever] Sending:  ping
2022-08-16 02:04:36.098 +07:00 [VRB] [WEBSOCKET WHatever] Received:  Type binary, length: 22
2022-08-16 02:04:36.098 +07:00 [INF] Message received: Type binary, length: 22
2022-08-16 02:04:36.712 +07:00 [VRB] [WEBSOCKET WHatever] Sending:  ping
2022-08-16 02:04:37.725 +07:00 [VRB] [WEBSOCKET WHatever] Sending:  ping
2022-08-16 02:04:38.752 +07:00 [VRB] [WEBSOCKET WHatever] Sending:  ping
2022-08-16 02:04:39.762 +07:00 [VRB] [WEBSOCKET WHatever] Sending:  ping
2022-08-16 02:04:40.769 +07:00 [VRB] [WEBSOCKET WHatever] Sending:  ping
2022-08-16 02:04:41.783 +07:00 [VRB] [WEBSOCKET WHatever] Sending:  ping
2022-08-16 02:04:42.794 +07:00 [VRB] [WEBSOCKET WHatever] Sending:  ping
2022-08-16 02:04:43.808 +07:00 [VRB] [WEBSOCKET WHatever] Sending:  ping
2022-08-16 02:04:44.831 +07:00 [VRB] [WEBSOCKET WHatever] Sending:  ping
2022-08-16 02:04:45.840 +07:00 [VRB] [WEBSOCKET WHatever] Sending:  ping
2022-08-16 02:04:46.853 +07:00 [VRB] [WEBSOCKET WHatever] Sending:  ping
2022-08-16 02:04:47.879 +07:00 [VRB] [WEBSOCKET WHatever] Sending:  ping
2022-08-16 02:04:48.893 +07:00 [VRB] [WEBSOCKET WHatever] Sending:  ping
2022-08-16 02:04:49.079 +07:00 [WRN] Canceling process
2022-08-16 02:04:49.080 +07:00 [DBG] [WEBSOCKET WHatever] Disposing..
2022-08-16 02:04:49.085 +07:00 [WRN] Disconnection happened, type: Exit
2022-08-16 02:04:49.085 +07:00 [DBG] ====================================
2022-08-16 02:04:49.086 +07:00 [DBG]               STOPPING              
2022-08-16 02:04:49.086 +07:00 [DBG] ====================================
2022-08-16 02:15:54.515 +07:00 [WRN] Unloading process
2022-08-16 02:18:02.225 +07:00 [DBG] ====================================
2022-08-16 02:18:02.281 +07:00 [DBG]               STARTING              
2022-08-16 02:18:02.281 +07:00 [DBG] ====================================
2022-08-16 02:18:02.307 +07:00 [INF] Starting...
2022-08-16 02:18:02.338 +07:00 [DBG] [WEBSOCKET WHatever] Starting..
2022-08-16 02:18:02.985 +07:00 [INF] Reconnection happened, type: Initial, url: ws://34.133.211.97/matchmake/
2022-08-16 02:18:02.986 +07:00 [INF] Started.
2022-08-16 02:18:03.997 +07:00 [VRB] [WEBSOCKET WHatever] Sending:  ping
2022-08-16 02:18:05.003 +07:00 [VRB] [WEBSOCKET WHatever] Sending:  ping
2022-08-16 02:18:06.009 +07:00 [VRB] [WEBSOCKET WHatever] Sending:  ping
2022-08-16 02:18:07.023 +07:00 [VRB] [WEBSOCKET WHatever] Sending:  ping
2022-08-16 02:18:08.034 +07:00 [VRB] [WEBSOCKET WHatever] Sending:  ping
2022-08-16 02:18:09.047 +07:00 [VRB] [WEBSOCKET WHatever] Sending:  ping
2022-08-16 02:18:10.057 +07:00 [VRB] [WEBSOCKET WHatever] Sending:  ping
2022-08-16 02:18:11.062 +07:00 [VRB] [WEBSOCKET WHatever] Sending:  ping
2022-08-16 02:18:12.075 +07:00 [VRB] [WEBSOCKET WHatever] Sending:  ping
2022-08-16 02:18:13.089 +07:00 [VRB] [WEBSOCKET WHatever] Sending:  ping
2022-08-16 02:18:14.118 +07:00 [VRB] [WEBSOCKET WHatever] Sending:  ping
2022-08-16 02:18:15.126 +07:00 [VRB] [WEBSOCKET WHatever] Sending:  ping
2022-08-16 02:18:16.134 +07:00 [VRB] [WEBSOCKET WHatever] Sending:  ping
2022-08-16 02:18:17.149 +07:00 [VRB] [WEBSOCKET WHatever] Sending:  ping
2022-08-16 02:18:18.161 +07:00 [VRB] [WEBSOCKET WHatever] Sending:  ping
2022-08-16 02:18:19.176 +07:00 [VRB] [WEBSOCKET WHatever] Sending:  ping
2022-08-16 02:18:20.188 +07:00 [VRB] [WEBSOCKET WHatever] Sending:  ping
2022-08-16 02:18:21.198 +07:00 [VRB] [WEBSOCKET WHatever] Sending:  ping
2022-08-16 02:18:22.209 +07:00 [VRB] [WEBSOCKET WHatever] Sending:  ping
2022-08-16 02:18:22.999 +07:00 [WRN] Disconnection happened, type: ByUser
2022-08-16 02:18:23.000 +07:00 [DBG] [WEBSOCKET WHatever] Reconnecting...
2022-08-16 02:18:23.538 +07:00 [INF] Reconnection happened, type: ByUser, url: ws://34.133.211.97/matchmake/
2022-08-16 02:18:24.241 +07:00 [VRB] [WEBSOCKET WHatever] Sending:  ping
2022-08-16 02:18:25.253 +07:00 [VRB] [WEBSOCKET WHatever] Sending:  ping
2022-08-16 02:18:25.272 +07:00 [VRB] [WEBSOCKET WHatever] Received:  Type binary, length: 22
2022-08-16 02:18:25.272 +07:00 [INF] Message received: Type binary, length: 22
2022-08-16 02:18:26.264 +07:00 [VRB] [WEBSOCKET WHatever] Sending:  ping
2022-08-16 02:18:27.275 +07:00 [VRB] [WEBSOCKET WHatever] Sending:  ping
2022-08-16 02:18:28.282 +07:00 [VRB] [WEBSOCKET WHatever] Sending:  ping
2022-08-16 02:18:29.293 +07:00 [VRB] [WEBSOCKET WHatever] Sending:  ping
2022-08-16 02:18:30.304 +07:00 [VRB] [WEBSOCKET WHatever] Sending:  ping
2022-08-16 02:18:31.312 +07:00 [VRB] [WEBSOCKET WHatever] Sending:  ping
2022-08-16 02:18:32.321 +07:00 [VRB] [WEBSOCKET WHatever] Sending:  ping
2022-08-16 02:18:33.329 +07:00 [VRB] [WEBSOCKET WHatever] Sending:  ping
2022-08-16 02:18:34.332 +07:00 [VRB] [WEBSOCKET WHatever] Sending:  ping
2022-08-16 02:18:35.339 +07:00 [VRB] [WEBSOCKET WHatever] Sending:  ping
2022-08-16 02:18:36.348 +07:00 [VRB] [WEBSOCKET WHatever] Sending:  ping
2022-08-16 02:18:37.359 +07:00 [VRB] [WEBSOCKET WHatever] Sending:  ping
2022-08-16 02:18:38.371 +07:00 [VRB] [WEBSOCKET WHatever] Sending:  ping
2022-08-16 02:18:39.378 +07:00 [VRB] [WEBSOCKET WHatever] Sending:  ping
2022-08-16 02:18:40.388 +07:00 [VRB] [WEBSOCKET WHatever] Sending:  ping
2022-08-16 02:18:40.779 +07:00 [WRN] Canceling process
2022-08-16 02:18:40.779 +07:00 [DBG] [WEBSOCKET WHatever] Disposing..
2022-08-16 02:18:40.782 +07:00 [WRN] Disconnection happened, type: Exit
2022-08-16 02:18:40.783 +07:00 [DBG] ====================================
2022-08-16 02:18:40.783 +07:00 [DBG]               STOPPING              
2022-08-16 02:18:40.784 +07:00 [DBG] ====================================
2022-08-16 02:19:29.797 +07:00 [DBG] ====================================
2022-08-16 02:19:29.842 +07:00 [DBG]               STARTING              
2022-08-16 02:19:29.843 +07:00 [DBG] ====================================
2022-08-16 02:19:29.873 +07:00 [INF] Starting...
2022-08-16 02:19:29.911 +07:00 [DBG] [WEBSOCKET WHatever] Starting..
2022-08-16 02:19:30.587 +07:00 [INF] Reconnection happened, type: Initial, url: ws://34.133.211.97/matchmake/
2022-08-16 02:19:30.588 +07:00 [INF] Started.
2022-08-16 02:19:31.595 +07:00 [VRB] [WEBSOCKET WHatever] Sending:  ping
2022-08-16 02:19:32.603 +07:00 [VRB] [WEBSOCKET WHatever] Sending:  ping
2022-08-16 02:19:33.614 +07:00 [VRB] [WEBSOCKET WHatever] Sending:  ping
2022-08-16 02:19:34.624 +07:00 [VRB] [WEBSOCKET WHatever] Sending:  ping
2022-08-16 02:19:35.630 +07:00 [VRB] [WEBSOCKET WHatever] Sending:  ping
2022-08-16 02:19:36.638 +07:00 [VRB] [WEBSOCKET WHatever] Sending:  ping
2022-08-16 02:19:37.659 +07:00 [VRB] [WEBSOCKET WHatever] Sending:  ping
2022-08-16 02:19:38.668 +07:00 [VRB] [WEBSOCKET WHatever] Sending:  ping
2022-08-16 02:19:39.690 +07:00 [VRB] [WEBSOCKET WHatever] Sending:  ping
2022-08-16 02:19:40.700 +07:00 [VRB] [WEBSOCKET WHatever] Sending:  ping
2022-08-16 02:19:41.712 +07:00 [VRB] [WEBSOCKET WHatever] Sending:  ping
2022-08-16 02:19:42.721 +07:00 [VRB] [WEBSOCKET WHatever] Sending:  ping
2022-08-16 02:19:43.728 +07:00 [VRB] [WEBSOCKET WHatever] Sending:  ping
2022-08-16 02:19:44.755 +07:00 [VRB] [WEBSOCKET WHatever] Sending:  ping
2022-08-16 02:19:45.762 +07:00 [VRB] [WEBSOCKET WHatever] Sending:  ping
2022-08-16 02:19:46.788 +07:00 [VRB] [WEBSOCKET WHatever] Sending:  ping
2022-08-16 02:19:47.799 +07:00 [VRB] [WEBSOCKET WHatever] Sending:  ping
2022-08-16 02:19:48.811 +07:00 [VRB] [WEBSOCKET WHatever] Sending:  ping
2022-08-16 02:19:49.826 +07:00 [VRB] [WEBSOCKET WHatever] Sending:  ping
2022-08-16 02:19:50.602 +07:00 [WRN] Disconnection happened, type: ByUser
2022-08-16 02:19:50.604 +07:00 [DBG] [WEBSOCKET WHatever] Reconnecting...
2022-08-16 02:19:51.144 +07:00 [INF] Reconnection happened, type: ByUser, url: ws://34.133.211.97/matchmake/
2022-08-16 02:19:51.838 +07:00 [VRB] [WEBSOCKET WHatever] Sending:  ping
2022-08-16 02:19:51.866 +07:00 [VRB] [WEBSOCKET WHatever] Received:  Type binary, length: 22
2022-08-16 02:19:51.867 +07:00 [INF] Message received: Type binary, length: 22
2022-08-16 02:19:52.851 +07:00 [VRB] [WEBSOCKET WHatever] Sending:  ping
2022-08-16 02:19:53.863 +07:00 [VRB] [WEBSOCKET WHatever] Sending:  ping
2022-08-16 02:19:54.869 +07:00 [VRB] [WEBSOCKET WHatever] Sending:  ping
2022-08-16 02:19:55.879 +07:00 [VRB] [WEBSOCKET WHatever] Sending:  ping
2022-08-16 02:19:56.891 +07:00 [VRB] [WEBSOCKET WHatever] Sending:  ping
2022-08-16 02:19:57.904 +07:00 [VRB] [WEBSOCKET WHatever] Sending:  ping
2022-08-16 02:19:58.913 +07:00 [VRB] [WEBSOCKET WHatever] Sending:  ping
2022-08-16 02:19:59.006 +07:00 [WRN] Canceling process
2022-08-16 02:19:59.007 +07:00 [DBG] [WEBSOCKET WHatever] Disposing..
2022-08-16 02:19:59.011 +07:00 [WRN] Disconnection happened, type: Exit
2022-08-16 02:19:59.011 +07:00 [DBG] ====================================
2022-08-16 02:19:59.012 +07:00 [DBG]               STOPPING              
2022-08-16 02:19:59.012 +07:00 [DBG] ====================================
